           _                 _    
  __ _  __| |_ __ __ _ _ __ | |_  
 / _` |/ _` | '__/ _` | '_ \| __| 
| (_| | (_| | | | (_| | | | | |_  
 \__, |\__,_|_|  \__,_|_| |_|\__| 
    |_|                           

Version: 1.11.4, build: d8b6e4a0
Access web UI at http://localhost:6333/dashboard

2024-09-22T09:47:51.451072Z  INFO storage::content_manager::consensus::persistent: Loading raft state from ./storage/raft_state.json    
2024-09-22T09:47:51.457736Z DEBUG storage::content_manager::consensus::persistent: State: Persistent { state: RaftState { hard_state: HardState { term: 0, vote: 0, commit: 0 }, conf_state: ConfState { voters: [2597600270337200], learners: [], voters_outgoing: [], learners_next: [], auto_leave: false } }, latest_snapshot_meta: SnapshotMetadataSer { term: 0, index: 0 }, apply_progress_queue: EntryApplyProgressQueue(None), peer_address_by_id: RwLock { data: {} }, peer_metadata_by_id: RwLock { data: {} }, cluster_metadata: {}, this_peer_id: 2597600270337200, path: "./storage/raft_state.json", dirty: false }    
2024-09-22T09:47:51.496550Z  INFO storage::content_manager::toc: Loading collection: default    
2024-09-22T09:47:51.701734Z  INFO collection::shards::local_shard: Recovering collection default: 0/1 (0%)    
2024-09-22T09:47:51.793638Z  INFO collection::shards::local_shard: Recovered collection default: 1/1 (100%)    
2024-09-22T09:47:51.805797Z DEBUG qdrant: Loaded collection: default    
2024-09-22T09:47:51.805845Z  INFO qdrant: Distributed mode disabled    
2024-09-22T09:47:51.806776Z  INFO qdrant: Telemetry reporting disabled    
2024-09-22T09:47:51.808019Z DEBUG qdrant: Waiting for thread web to finish    
2024-09-22T09:47:51.811639Z  WARN qdrant::actix::web_ui: Static content folder for Web UI './static' does not exist    
2024-09-22T09:47:51.812117Z  INFO qdrant::actix: TLS disabled for REST API    
2024-09-22T09:47:51.813695Z  INFO qdrant::actix: Qdrant HTTP listening on 6333    
2024-09-22T09:47:51.815015Z  INFO actix_server::builder: Starting 7 workers
2024-09-22T09:47:51.815151Z  INFO actix_server::server: Actix runtime found; starting in Actix runtime
2024-09-22T09:47:51.816394Z  INFO qdrant::tonic: Qdrant gRPC listening on 6334    
2024-09-22T09:47:51.816411Z  INFO qdrant::tonic: TLS disabled for gRPC API    
2024-09-22T09:48:01.375833Z  INFO storage::content_manager::toc::collection_meta_ops: Deleting collection default    
2024-09-22T09:48:01.378342Z DEBUG collection::update_handler: Stopping flush worker.    
2024-09-22T09:48:01.389910Z  INFO actix_web::middleware::logger: 127.0.0.1 "DELETE /collections/default HTTP/1.1" 200 48 "-" "curl/7.81.0" 0.019834    
2024-09-22T09:48:34.057999Z DEBUG storage::content_manager::snapshots::recover: Downloading snapshot from file:///home/adi/gaianet/qdrant/snapshots/default/default.snapshot to /home/adi/gaianet/qdrant/./snapshots/tmp/download-tZ1hoG    
2024-09-22T09:48:34.058083Z DEBUG storage::content_manager::snapshots::recover: Snapshot downloaded to /home/adi/gaianet/qdrant/snapshots/default/default.snapshot    
2024-09-22T09:48:34.058546Z DEBUG storage::content_manager::snapshots::recover: Recovering collection default from snapshot /home/adi/gaianet/qdrant/snapshots/default/default.snapshot    
2024-09-22T09:48:34.058560Z DEBUG storage::content_manager::snapshots::recover: Unpacking snapshot to /home/adi/gaianet/qdrant/./storage/tmp/col-default-recovery-vNrfQH    
2024-09-22T09:48:35.905563Z DEBUG storage::content_manager::snapshots::recover: Collection default does not exist, creating it    
2024-09-22T09:48:35.906157Z  INFO storage::content_manager::toc::collection_meta_ops: Creating collection default    
2024-09-22T09:48:36.166158Z DEBUG collection::collection: Changing shard default:0 replica state from Some(Initializing) to Active    
2024-09-22T09:48:36.166178Z DEBUG collection::shards::replica_set: Changing local shard default:0 state from Some(Initializing) to Active    
2024-09-22T09:48:36.169297Z DEBUG storage::content_manager::snapshots::recover: Recovering shard 0 from /home/adi/gaianet/qdrant/./storage/tmp/col-default-recovery-vNrfQH/0    
2024-09-22T09:48:36.170069Z DEBUG collection::update_handler: Stopping flush worker.    
2024-09-22T09:48:36.365400Z  INFO collection::shards::local_shard: Recovering collection default: 0/25 (0%)    
2024-09-22T09:48:36.437274Z  INFO collection::shards::local_shard: Recovered collection default: 25/25 (100%)    
2024-09-22T09:48:36.439826Z DEBUG storage::content_manager::snapshots::recover: Activating shard 0 of collection default locally    
2024-09-22T09:48:36.439861Z DEBUG collection::collection: Changing shard default:0 replica state from Some(Active) to Active    
2024-09-22T09:48:36.439874Z DEBUG collection::shards::replica_set: Changing local shard default:0 state from Some(Active) to Active    
2024-09-22T09:48:36.445574Z  INFO actix_web::middleware::logger: 127.0.0.1 "POST /collections/default/snapshots/upload?priority=snapshot HTTP/1.1" 200 48 "-" "curl/7.81.0" 3.174639    
2024-09-22T09:48:41.479513Z DEBUG qdrant::tonic: Stopping gRPC service on SIGTERM    
2024-09-22T09:48:41.479863Z  INFO actix_server::server: SIGTERM received; starting graceful shutdown
2024-09-22T09:48:41.480146Z DEBUG actix_server::accept: Paused accepting connections on 127.0.0.1:6333
2024-09-22T09:48:41.480171Z  INFO actix_server::accept: Accept thread stopped
2024-09-22T09:48:41.480193Z  INFO actix_server::worker: Shutting down idle worker
2024-09-22T09:48:41.480246Z  INFO actix_server::worker: Shutting down idle worker
2024-09-22T09:48:41.480256Z  INFO actix_server::worker: Shutting down idle worker
2024-09-22T09:48:41.480243Z  INFO actix_server::worker: Shutting down idle worker
2024-09-22T09:48:41.480264Z  INFO actix_server::worker: Shutting down idle worker
2024-09-22T09:48:41.480305Z  INFO actix_server::worker: Shutting down idle worker
2024-09-22T09:48:41.480260Z  INFO actix_server::worker: Shutting down idle worker
2024-09-22T09:48:41.794074Z DEBUG qdrant: Waiting for thread grpc to finish    
2024-09-22T09:48:41.795871Z DEBUG collection::update_handler: Stopping flush worker.    
